#
# A fatal error has been detected by the Java Runtime Environment:
#
#  EXCEPTION_ACCESS_VIOLATION (0xc0000005) at pc=0x00007ff91d09bfdb, pid=17168, tid=21112
#
# JRE version: Java(TM) SE Runtime Environment (17.0.3.1+2) (build 17.0.3.1+2-LTS-6)
# Java VM: Java HotSpot(TM) 64-Bit Server VM (17.0.3.1+2-LTS-6, mixed mode, sharing, tiered, compressed oops, compressed class ptrs, g1 gc, windows-amd64)
# Problematic frame:
# V  [jvm.dll+0x74bfdb]
#
# No core dump will be written. Minidumps are not enabled by default on client versions of Windows
#
# If you would like to submit a bug report, please visit:
#   https://bugreport.java.com/bugreport/crash.jsp
#

---------------  S U M M A R Y ------------

Command Line: -Xdebug -Xnoagent -Djava.compiler=NONE -Xrunjdwp:transport=dt_socket,address=localhost:60929,server=n,suspend=y -ea -XX:+ShowCodeDetailsInExceptionMessages -Dfile.encoding=UTF-8 org.eclipse.jdt.internal.junit.runner.RemoteTestRunner -version 3 -port 60923 -testLoaderClass org.eclipse.jdt.internal.junit5.runner.JUnit5TestLoader -loaderpluginname org.eclipse.jdt.junit5.runtime -test com.openclassrooms.pay_my_buddy.PayMyBuddyApplicationServiceTests:testRegisterNewUser

Host: 11th Gen Intel(R) Core(TM) i7-1165G7 @ 2.80GHz, 8 cores, 15G,  Windows 11 , 64 bit Build 22621 (10.0.22621.1635)
Time: Sun May 14 20:09:19 2023 Paris, Madrid (heure duild 22621 (10.0.22621.1635) elapsed time: 39.127738 seconds (0d 0h 0m 39s)

---------------  T H R E A D  ---------------

Current thread (0x000002360f192130):  JavaThread "main" [_thread_in_vm, id=21112, stack(0x000000b334100000,0x000000b334200000)]

Stack: [0x000000b334100000,0x000000b334200000],  sp=0x000000b3341fb160,  free space=1004k
Native frames: (J=compiled Java code, j=interpreted, Vv=VM code, C=native code)
V  [jvm.dll+0x74bfdb]
V  [jvm.dll+0x74bf88]
V  [jvm.dll+0x23afde]
V  [jvm.dll+0x23b22f]
V  [jvm.dll+0x555d78]
V  [jvm.dll+0x558be0]
V  [jvm.dll+0x37f637]
V  [jvm.dll+0x37ec8f]
C  0x0000023616a16262

Java frames: (J=compiled Java code, j=interpreted, Vv=VM code)
j  com.openclassrooms.pay_my_buddy.service.UsersService.getUser(Ljava/lang/String;)Lcom/openclassrooms/pay_my_buddy/model/Users;+3
v  ~StubRoutines::call_stub
j  com.openclassrooms.pay_my_buddy.service.LoginControllerService.addNewUser(Ljava/lang/String;Ljava/lang/String;Ljava/lang/String;Ljava/lang/String;Ljava/lang/String;)V+144
j  com.openclassrooms.pay_my_buddy.PayMyBuddyApplicationServiceTests.testRegisterNewUser()V+85
v  ~StubRoutines::call_stub
J 3728  jdk.internal.reflect.NativeMethodAccessorImpl.invoke0(Ljava/lang/reflect/Method;Ljava/lang/Object;[Ljava/lang/Object;)Ljava/lang/Object; java.base@17.0.3.1 (0 bytes) @ 0x000002361e703227 [0x000002361e7031a0+0x0000000000000087]
J 5747 c1 jdk.internal.reflect.NativeMethodAccessorImpl.invoke(Ljava/lang/Object;[Ljava/lang/Object;)Ljava/lang/Object; java.base@17.0.3.1 (137 bytes) @ 0x0000023617673f54 [0x0000023617673580+0x00000000000009d4]
J 5771 c2 jdk.internal.reflect.DelegatingMethodAccessorImpl.invoke(Ljava/lang/Object;[Ljava/lang/Object;)Ljava/lang/Object; java.base@17.0.3.1 (10 bytes) @ 0x000002361e7222d4 [0x000002361e722280+0x0000000000000054]
J 3938 c1 java.lang.reflect.Method.invoke(Ljava/lang/Object;[Ljava/lang/Object;)Ljava/lang/Object; java.base@17.0.3.1 (65 bytes) @ 0x0000023616fcaaac [0x0000023616fca960+0x000000000000014c]
j  org.junit.platform.commons.util.ReflectionUtils.invokeMethod(Ljava/lang/reflect/Method;Ljava/lang/Object;[Ljava/lang/Object;)Ljava/lang/Object;+42
j  org.junit.jupiter.engine.execution.MethodInvocation.proceed()Ljava/lang/Object;+16
j  org.junit.jupiter.engine.execution.InvocationInterceptorChain$ValidatingInvocation.proceed()Ljava/lang/Object;+8
j  org.junit.jupiter.engine.extension.TimeoutExtension.intercept(Lorg/junit/jupiter/api/extension/InvocationInterceptor$Invocation;Lorg/junit/jupiter/api/extension/ReflectiveInvocationContext;Lorg/junit/jupiter/api/extension/ExtensionContext;Lorg/junit/jupiter/engine/extension/TimeoutDuration;Lorg/junit/jupiter/engine/extension/TimeoutExtension$TimeoutProvider;)Ljava/lang/Object;+28
j  org.junit.jupiter.engine.extension.TimeoutExtension.interceptTestableMethod(Lorg/junit/jupiter/api/extension/InvocationInterceptor$Invocation;Lorg/junit/jupiter/api/extension/ReflectiveInvocationContext;Lorg/junit/jupiter/api/extension/ExtensionContext;Lorg/junit/jupiter/engine/extension/TimeoutExtension$TimeoutProvider;)Ljava/lang/Object;+31
j  org.junit.jupiter.engine.extension.TimeoutExtension.interceptTestMethod(Lorg/junit/jupiter/api/extension/InvocationInterceptor$Invocation;Lorg/junit/jupiter/api/extension/ReflectiveInvocationContext;Lorg/junit/jupiter/api/extension/ExtensionContext;)V+9
j  org.junit.jupiter.engine.descriptor.TestMethodTestDescriptor$$Lambda$151+0x0000000800c3c000.apply(Lorg/junit/jupiter/api/extension/InvocationInterceptor;Lorg/junit/jupiter/api/extension/InvocationInterceptor$Invocation;Lorg/junit/jupiter/api/extension/ReflectiveInvocationContext;Lorg/junit/jupiter/api/extension/ExtensionContext;)V+5
j  org.junit.jupiter.engine.execution.InterceptingExecutableInvoker$ReflectiveInterceptorCall.lambda$ofVoidMethod$0(Lorg/junit/jupiter/engine/execution/InterceptingExecutableInvoker$ReflectiveInterceptorCall$VoidMethodInterceptorCall;Lorg/junit/jupiter/api/extension/InvocationInterceptor;Lorg/junit/jupiter/api/extension/InvocationInterceptor$Invocation;Lorg/junit/jupiter/api/extension/ReflectiveInvocationContext;Lorg/junit/jupiter/api/extension/ExtensionContext;)Ljava/lang/Void;+6
j  org.junit.jupiter.engine.execution.InterceptingExecutableInvoker$ReflectiveInterceptorCall$$Lambda$152+0x0000000800c3c218.apply(Lorg/junit/jupiter/api/extension/InvocationInterceptor;Lorg/junit/jupiter/api/extension/InvocationInterceptor$Invocation;Lorg/junit/jupiter/api/extension/ReflectiveInvocationContext;Lorg/junit/jupiter/api/extension/ExtensionContext;)Ljava/lang/Object;+9
j  org.junit.jupiter.engine.execution.InterceptingExecutableInvoker.lambda$invoke$0(Lorg/junit/jupiter/engine/execution/InterceptingExecutableInvoker$ReflectiveInterceptorCall;Lorg/junit/jupiter/api/extension/ReflectiveInvocationContext;Lorg/junit/jupiter/api/extension/ExtensionContext;Lorg/junit/jupiter/api/extension/InvocationInterceptor;Lorg/junit/jupiter/api/extension/InvocationInterceptor$Invocation;)Ljava/lang/Object;+6
j  org.junit.jupiter.engine.execution.InterceptingExecutableInvoker$$Lambda$439+0x0000000800d336b0.apply(Lorg/junit/jupiter/api/extension/InvocationInterceptor;Lorg/junit/jupiter/api/extension/InvocationInterceptor$Invocation;)Ljava/lang/Object;+14
j  org.junit.jupiter.engine.execution.InvocationInterceptorChain$InterceptedInvocation.proceed()Ljava/lang/Object;+12
j  org.junit.jupiter.engine.execution.InvocationInterceptorChain.proceed(Lorg/junit/jupiter/api/extension/InvocationInterceptor$Invocation;)Ljava/lang/Object;+1
j  org.junit.jupiter.engine.execution.InvocationInterceptorChain.chainAndInvoke(Lorg/junit/jupiter/api/extension/InvocationInterceptor$Invocation;Lorg/junit/jupiter/engine/execution/InvocationInterceptorChain$InterceptorCall;Ljava/util/List;)Ljava/lang/Object;+24
j  org.junit.jupiter.engine.execution.InvocationInterceptorChain.invoke(Lorg/junit/jupiter/api/extension/InvocationInterceptor$Invocation;Lorg/junit/jupiter/engine/extension/ExtensionRegistry;Lorg/junit/jupiter/engine/execution/InvocationInterceptorChain$InterceptorCall;)Ljava/lang/Object;+31
j  org.junit.jupiter.engine.execution.InterceptingExecutableInvoker.invoke(Lorg/junit/jupiter/api/extension/InvocationInterceptor$Invocation;Lorg/junit/jupiter/api/extension/ReflectiveInvocationContext;Lorg/junit/jupiter/api/extension/ExtensionContext;Lorg/junit/jupiter/engine/extension/ExtensionRegistry;Lorg/junit/jupiter/engine/execution/InterceptingExecutableInvoker$ReflectiveInterceptorCall;)Ljava/lang/Object;+15
j  org.junit.jupiter.engine.execution.InterceptingExecutableInvoker.invoke(Ljava/lang/reflect/Method;Ljava/lang/Object;Lorg/junit/jupiter/api/extension/ExtensionContext;Lorg/junit/jupiter/engine/extension/ExtensionRegistry;Lorg/junit/jupiter/engine/execution/InterceptingExecutableInvoker$ReflectiveInterceptorCall;)Ljava/lang/Object;+55
j  org.junit.jupiter.engine.descriptor.TestMethodTestDescriptor.lambda$invokeTestMethod$7(Lorg/junit/jupiter/api/extension/ExtensionContext;Lorg/junit/jupiter/engine/execution/JupiterEngineExecutionContext;)V+28
j  org.junit.jupiter.engine.descriptor.TestMethodTestDescriptor$$Lambda$1553+0x00000008014b6660.execute()V+12
j  org.junit.platform.engine.support.hierarchical.ThrowableCollector.execute(Lorg/junit/platform/engine/support/hierarchical/ThrowableCollector$Executable;)V+1
j  org.junit.jupiter.engine.descriptor.TestMethodTestDescriptor.invokeTestMethod(Lorg/junit/jupiter/engine/execution/JupiterEngineExecutionContext;Lorg/junit/platform/engine/support/hierarchical/Node$DynamicTestExecutor;)V+21
j  org.junit.jupiter.engine.descriptor.TestMethodTestDescriptor.execute(Lorg/junit/jupiter/engine/execution/JupiterEngineExecutionContext;Lorg/junit/platform/engine/support/hierarchical/Node$DynamicTestExecutor;)Lorg/junit/jupiter/engine/execution/JupiterEngineExecutionContext;+44
j  org.junit.jupiter.engine.descriptor.TestMethodTestDescriptor.execute(Lorg/junit/platform/engine/support/hierarchical/EngineExecutionContext;Lorg/junit/platform/engine/support/hierarchical/Node$DynamicTestExecutor;)Lorg/junit/platform/engine/support/hierarchical/EngineExecutionContext;+6
j  org.junit.platform.engine.support.hierarchical.NodeTestTask.lambda$executeRecursively$6()V+79
j  org.junit.platform.engine.support.hierarchical.NodeTestTask$$Lambda$257+0x0000000800c962d8.execute()V+4
j  org.junit.platform.engine.support.hierarchical.ThrowableCollector.execute(Lorg/junit/platform/engine/support/hierarchical/ThrowableCollector$Executable;)V+1
j  org.junit.platform.engine.support.hierarchical.NodeTestTask.lambda$executeRecursively$8(Lorg/junit/platform/engine/support/hierarchical/EngineExecutionContext;)V+15
j  org.junit.platform.engine.support.hierarchical.NodeTestTask$$Lambda$256+0x0000000800c960b8.invoke(Lorg/junit/platform/engine/support/hierarchical/EngineExecutionContext;)V+5
j  org.junit.platform.engine.support.hierarchical.Node.around(Lorg/junit/platform/engine/support/hierarchical/EngineExecutionContext;Lorg/junit/platform/engine/support/hierarchical/Node$Invocation;)V+2
j  org.junit.platform.engine.support.hierarchical.NodeTestTask.lambda$executeRecursively$9()V+14
j  org.junit.platform.engine.support.hierarchical.NodeTestTask$$Lambda$255+0x0000000800c95ca0.execute()V+4
j  org.junit.platform.engine.support.hierarchical.ThrowableCollector.execute(Lorg/junit/platform/engine/support/hierarchical/ThrowableCollector$Executable;)V+1
j  org.junit.platform.engine.support.hierarchical.NodeTestTask.executeRecursively()V+31
j  org.junit.platform.engine.support.hierarchical.NodeTestTask.execute()V+55
j  org.junit.platform.engine.support.hierarchical.SameThreadHierarchicalTestExecutorService$$Lambda$261+0x0000000800c96dc8.accept(Ljava/lang/Object;)V+4
j  java.util.ArrayList.forEach(Ljava/util/function/Consumer;)V+46 java.base@17.0.3.1
j  org.junit.platform.engine.support.hierarchical.SameThreadHierarchicalTestExecutorService.invokeAll(Ljava/util/List;)V+6
j  org.junit.platform.engine.support.hierarchical.NodeTestTask.lambda$executeRecursively$6()V+116
j  org.junit.platform.engine.support.hierarchical.NodeTestTask$$Lambda$257+0x0000000800c962d8.execute()V+4
j  org.junit.platform.engine.support.hierarchical.ThrowableCollector.execute(Lorg/junit/platform/engine/support/hierarchical/ThrowableCollector$Executable;)V+1
j  org.junit.platform.engine.support.hierarchical.NodeTestTask.lambda$executeRecursively$8(Lorg/junit/platform/engine/support/hierarchical/EngineExecutionContext;)V+15
j  org.junit.platform.engine.support.hierarchical.NodeTestTask$$Lambda$256+0x0000000800c960b8.invoke(Lorg/junit/platform/engine/support/hierarchical/EngineExecutionContext;)V+5
j  org.junit.platform.engine.support.hierarchical.Node.around(Lorg/junit/platform/engine/support/hierarchical/EngineExecutionContext;Lorg/junit/platform/engine/support/hierarchical/Node$Invocation;)V+2
j  org.junit.platform.engine.support.hierarchical.NodeTestTask.lambda$executeRecursively$9()V+14
j  org.junit.platform.engine.support.hierarchical.NodeTestTask$$Lambda$255+0x0000000800c95ca0.execute()V+4
j  org.junit.platform.engine.support.hierarchical.ThrowableCollector.execute(Lorg/junit/platform/engine/support/hierarchical/ThrowableCollector$Executable;)V+1
j  org.junit.platform.engine.support.hierarchical.NodeTestTask.executeRecursively()V+31
j  org.junit.platform.engine.support.hierarchical.NodeTestTask.execute()V+55
j  org.junit.platform.engine.support.hierarchical.SameThreadHierarchicalTestExecutorService$$Lambda$261+0x0000000800c96dc8.accept(Ljava/lang/Object;)V+4
j  java.util.ArrayList.forEach(Ljava/util/function/Consumer;)V+46 java.base@17.0.3.1
j  org.junit.platform.engine.support.hierarchical.SameThreadHierarchicalTestExecutorService.invokeAll(Ljava/util/List;)V+6
j  org.junit.platform.engine.support.hierarchical.NodeTestTask.lambda$executeRecursively$6()V+116
j  org.junit.platform.engine.support.hierarchical.NodeTestTask$$Lambda$257+0x0000000800c962d8.execute()V+4
j  org.junit.platform.engine.support.hierarchical.ThrowableCollector.execute(Lorg/junit/platform/engine/support/hierarchical/ThrowableCollector$Executable;)V+1
j  org.junit.platform.engine.support.hierarchical.NodeTestTask.lambda$executeRecursively$8(Lorg/junit/platform/engine/support/hierarchical/EngineExecutionContext;)V+15
j  org.junit.platform.engine.support.hierarchical.NodeTestTask$$Lambda$256+0x0000000800c960b8.invoke(Lorg/junit/platform/engine/support/hierarchical/EngineExecutionContext;)V+5
j  org.junit.platform.engine.support.hierarchical.Node.around(Lorg/junit/platform/engine/support/hierarchical/EngineExecutionContext;Lorg/junit/platform/engine/support/hierarchical/Node$Invocation;)V+2
j  org.junit.platform.engine.support.hierarchical.NodeTestTask.lambda$executeRecursively$9()V+14
j  org.junit.platform.engine.support.hierarchical.NodeTestTask$$Lambda$255+0x0000000800c95ca0.execute()V+4
j  org.junit.platform.engine.support.hierarchical.ThrowableCollector.execute(Lorg/junit/platform/engine/support/hierarchical/ThrowableCollector$Executable;)V+1
j  org.junit.platform.engine.support.hierarchical.NodeTestTask.executeRecursively()V+31
j  org.junit.platform.engine.support.hierarchical.NodeTestTask.execute()V+55
j  org.junit.platform.engine.support.hierarchical.SameThreadHierarchicalTestExecutorService.submit(Lorg/junit/platform/engine/support/hierarchical/HierarchicalTestExecutorService$TestTask;)Ljava/util/concurrent/Future;+1
j  org.junit.platform.engine.support.hierarchical.HierarchicalTestExecutor.execute()Ljava/util/concurrent/Future;+74
j  org.junit.platform.engine.support.hierarchical.HierarchicalTestEngine.execute(Lorg/junit/platform/engine/ExecutionRequest;)V+31
j  org.junit.platform.launcher.core.EngineExecutionOrchestrator.execute(Lorg/junit/platform/engine/TestDescriptor;Lorg/junit/platform/engine/EngineExecutionListener;Lorg/junit/platform/engine/ConfigurationParameters;Lorg/junit/platform/engine/TestEngine;)V+24
j  org.junit.platform.launcher.core.EngineExecutionOrchestrator.execute(Lorg/junit/platform/launcher/core/LauncherDiscoveryResult;Lorg/junit/platform/engine/EngineExecutionListener;)V+100
j  org.junit.platform.launcher.core.EngineExecutionOrchestrator.execute(Lorg/junit/platform/launcher/core/InternalTestPlan;Lorg/junit/platform/engine/EngineExecutionListener;Lorg/junit/platform/launcher/TestExecutionListener;)V+63
j  org.junit.platform.launcher.core.EngineExecutionOrchestrator.lambda$execute$0(Lorg/junit/platform/launcher/core/InternalTestPlan;Lorg/junit/platform/launcher/TestExecutionListener;)V+6
j  org.junit.platform.launcher.core.EngineExecutionOrchestrator$$Lambda$214+0x0000000800c87188.accept(Ljava/lang/Object;)V+12
j  org.junit.platform.launcher.core.EngineExecutionOrchestrator.withInterceptedStreams(Lorg/junit/platform/engine/ConfigurationParameters;Lorg/junit/platform/launcher/core/ListenerRegistry;Ljava/util/function/Consumer;)V+51
j  org.junit.platform.launcher.core.EngineExecutionOrchestrator.execute(Lorg/junit/platform/launcher/core/InternalTestPlan;[Lorg/junit/platform/launcher/TestExecutionListener;)V+23
j  org.junit.platform.launcher.core.DefaultLauncher.execute(Lorg/junit/platform/launcher/core/InternalTestPlan;[Lorg/junit/platform/launcher/TestExecutionListener;)V+6
j  org.junit.platform.launcher.core.DefaultLauncher.execute(Lorg/junit/platform/launcher/TestPlan;[Lorg/junit/platform/launcher/TestExecutionListener;)V+36
j  org.junit.platform.launcher.core.DefaultLauncherSession$DelegatingLauncher.execute(Lorg/junit/platform/launcher/TestPlan;[Lorg/junit/platform/launcher/TestExecutionListener;)V+6
j  org.junit.platform.launcher.core.SessionPerRequestLauncher.execute(Lorg/junit/platform/launcher/TestPlan;[Lorg/junit/platform/launcher/TestExecutionListener;)V+13
j  org.eclipse.jdt.internal.junit5.runner.JUnit5TestReference.run(Lorg/eclipse/jdt/internal/junit/runner/TestExecution;)V+69
j  org.eclipse.jdt.internal.junit.runner.TestExecution.run([Lorg/eclipse/jdt/internal/junit/runner/ITestReference;)V+27
j  org.eclipse.jdt.internal.junit.runner.RemoteTestRunner.runTests([Ljava/lang/String;Ljava/lang/String;Lorg/eclipse/jdt/internal/junit/runner/TestExecution;)V+62
j  org.eclipse.jdt.internal.junit.runner.RemoteTestRunner.runTests(Lorg/eclipse/jdt/internal/junit/runner/TestExecution;)V+10
j  org.eclipse.jdt.internal.junit.runner.RemoteTestRunner.run()V+70
j  org.eclipse.jdt.internal.junit.runner.RemoteTestRunner.main([Ljava/lang/String;)V+14
v  ~StubRoutines::call_stub

siginfo: EXCEPTION_ACCESS_VIOLATION (0xc0000005), reading address 0x0000000000000004


Register to memory mapping:

RIP=0x00007ff91d09bfdb jvm.dll
RAX=0x000002360f192a38 points into unknown readable memory: 0x000000070816ad48 | 48 ad 16 08 07 00 00 00
RBX=0x000002360f192a30 points into unknown readable memory: 0x00000007046d3490 | 90 34 6d 04 07 00 00 00
RCX=0x0 is NULL
RDX=0x000002360f192a28 points into unknown readable memory: 0x0000000704629028 | 28 90 62 04 07 00 00 00
RSP=0x000000b3341fb160 is pointing into the stack for thread: 0x000002360f192130
RBP=0x0000000000000001 is an unknown value
RSI=0x0 is NULL
RDI=0x000002360f192130 is a thread
R8 =0x000002360f192a30 points into unknown readable memory: 0x00000007046d3490 | 90 34 6d 04 07 00 00 00
R9 =0x000002360f192130 is a thread
R10=0x000002363ba1e010 is pointing into metadata
R11=0x000000b3341fb430 is pointing into the stack for thread: 0x000002360f192130
R12=0x0 is NULL
R13=0x0 is NULL
R14=0x000000b3341fb2a0 is pointing into the stack for thread: 0x000002360f192130
R15=0x000002363ba1ecd3 is pointing into metadata


Registers:
RAX=0x000002360f192a38, RBX=0x000002360f192a30, RCX=0x0000000000000000, RDX=0x000002360f192a28
RSP=0x000000b3341fb160, RBP=0x0000000000000001, RSI=0x0000000000000000, RDI=0x000002360f192130
R8 =0x000002360f192a30, R9 =0x000002360f192130, R10=0x000002363ba1e010, R11=0x000000b3341fb430
R12=0x0000000000000000, R13=0x0000000000000000, R14=0x000000b3341fb2a0, R15=0x000002363ba1ecd3
RIP=0x00007ff91d09bfdb, EFLAGS=0x0000000000010206

Top of Stack: (sp=0x000000b3341fb160)
0x000000b3341fb160:   000002363295da70 00007ff91cc1656f
0x000000b3341fb170:   000002360f1923d8 0000000000000001
0x000000b3341fb180:   0000000000000000 0000000000000000
0x000000b3341fb190:   0000023639ee814f 00007ff900000057
0x000000b3341fb1a0:   000002360f1923d8 0000023638ae6150
0x000000b3341fb1b0:   0000023639ee7520 00007ff9bae8ab01
0x000000b3341fb1c0:   0000000000000000 000002363ba1ecd3
0x000000b3341fb1d0:   000000b3341fb2a0 000002360f192130
0x000000b3341fb1e0:   000002360f192a30 00007ff91d09bf88
0x000000b3341fb1f0:   0000023635e74198 0000000000000000
0x000000b3341fb200:   000002360f1923d8 0000000000000000
0x000000b3341fb210:   000002360f192a28 00007ff91cb8afde
0x000000b3341fb220:   000002360f192a30 000002360cffc300
0x000000b3341fb230:   000002360f192130 0000000000000000
0x000000b3341fb240:   000002360f192130 00007ff91d0dae1b
0x000000b3341fb250:   000002363ba1ecd3 000000b3341fb430 

Instructions: (pc=0x00007ff91d09bfdb)
0x00007ff91d09bedb:   01 e8 bf 54 ff ff 4d 8b cf 4c 8b c3 48 8b d7 48
0x00007ff91d09beeb:   8b c8 48 8b f0 e8 7b f8 ff ff 48 8b d8 48 85 f6
0x00007ff91d09befb:   74 08 48 8b ce e8 9b 20 ff ff 49 83 3e 00 74 15
0x00007ff91d09bf0b:   48 8b 54 24 50 48 8b cd e8 b8 ee 95 ff 49 8b ce
0x00007ff91d09bf1b:   e8 20 ee 95 ff 4c 89 75 10 48 8b c3 4c 8b 74 24
0x00007ff91d09bf2b:   20 4c 89 65 18 4c 8b 64 24 60 4c 89 6d 20 4c 8b
0x00007ff91d09bf3b:   6c 24 68 48 8b 6c 24 58 48 83 c4 28 41 5f 5f 5e
0x00007ff91d09bf4b:   5b c3 48 83 c4 28 41 5f 5f 5e 5b e9 15 f8 ff ff
0x00007ff91d09bf5b:   cc cc cc cc cc 48 89 5c 24 08 48 89 6c 24 10 48
0x00007ff91d09bf6b:   89 74 24 18 57 48 83 ec 20 48 8b 7c 24 50 41 0f
0x00007ff91d09bf7b:   b6 e9 4c 8b cf 48 8b f1 e8 48 00 00 00 48 83 7f
0x00007ff91d09bf8b:   08 00 48 8b d8 75 05 48 85 c0 75 1a 4c 8b c7 40
0x00007ff91d09bf9b:   0f b6 d5 48 8b ce e8 da d8 ff ff 48 83 7f 08 00
0x00007ff91d09bfab:   74 04 33 c0 eb 03 48 8b c3 48 8b 5c 24 30 48 8b
0x00007ff91d09bfbb:   6c 24 38 48 8b 74 24 40 48 83 c4 20 5f c3 cc cc
0x00007ff91d09bfcb:   cc cc cc cc cc 40 53 57 41 56 41 57 48 83 ec 68
0x00007ff91d09bfdb:   66 83 79 04 01 4d 8b f9 49 8b d8 48 8b fa 4c 8b
0x00007ff91d09bfeb:   f1 0f 86 7e 01 00 00 80 79 06 5b 0f 85 74 01 00
0x00007ff91d09bffb:   00 e8 5f 0e fa ff 84 c0 0f 84 67 01 00 00 48 89
0x00007ff91d09c00b:   ac 24 98 00 00 00 48 8d 4c 24 28 49 8b af 30 02
0x00007ff91d09c01b:   00 00 45 33 c0 48 89 b4 24 a0 00 00 00 49 8b d6
0x00007ff91d09c02b:   4c 89 a4 24 a8 00 00 00 4c 89 6c 24 60 48 8b 45
0x00007ff91d09c03b:   18 48 8b 75 10 4c 8b 65 28 48 89 84 24 90 00 00
0x00007ff91d09c04b:   00 48 8b 45 20 48 89 44 24 20 e8 d6 05 fa ff 8b
0x00007ff91d09c05b:   44 24 40 45 33 f6 83 f8 0d 74 05 45 8b ee eb 11
0x00007ff91d09c06b:   48 8d 4c 24 28 e8 0b 12 fa ff 44 8b e8 8b 44 24
0x00007ff91d09c07b:   40 48 63 54 24 30 48 8b 4c 24 28 80 7c 0a 06 4c
0x00007ff91d09c08b:   75 68 48 8d 4c 24 28 e8 39 0c fa ff 4d 8b cf 4c
0x00007ff91d09c09b:   8b c3 48 8b d7 48 8b c8 e8 c8 f6 ff ff 48 8b d8
0x00007ff91d09c0ab:   4d 39 77 08 75 20 48 85 c0 74 51 48 8b 00 48 8b
0x00007ff91d09c0bb:   cb 41 8b d5 4d 8b c7 ff 90 d0 00 00 00 48 8b d8
0x00007ff91d09c0cb:   4d 39 77 08 74 36 48 8d 4c 24 28 e8 a5 05 fa ff 


Stack slot to memory mapping:
stack at sp + 0 slots: 0x000002363295da70 points into unknown readable memory: 0x0000000000000000 | 00 00 00 00 00 00 00 00
stack at sp + 1 slots: 0x00007ff91cc1656f jvm.dll
stack at sp + 2 slots: 0x000002360f1923d8 points into unknown readable memory: 0x00007ff91d3d5650 | 50 56 3d 1d f9 7f 00 00
stack at sp + 3 slots: 0x0000000000000001 is an unknown value
stack at sp + 4 slots: 0x0 is NULL
stack at sp + 5 slots: 0x0 is NULL
stack at sp + 6 slots: 0x0000023639ee814f points into unknown readable memory: 80
stack at sp + 7 slots: 0x00007ff900000057 is an unknown value


---------------  P R O C E S S  ---------------

Threads class SMR info:
_java_thread_list=0x000002363a469bc0, length=18, elements={
0x000002360f192130, 0x0000023631d08420, 0x0000023631d08fd0, 0x0000023631d18b80,
0x0000023631d19730, 0x0000023631d1c1f0, 0x0000023631d1cba0, 0x0000023631d1d930,
0x0000023631d1e320, 0x000002363280f5c0, 0x000002363296d0e0, 0x000002363296dd90,
0x000002363296e280, 0x0000023632974d70, 0x0000023632985fc0, 0x00000236332f2b10,
0x000002363a52dfb0, 0x0000023636ea3e20
}

Java Threads: ( => current thread )
=>0x000002360f192130 JavaThread "main" [_thread_in_vm, id=21112, stack(0x000000b334100000,0x000000b334200000)]
  0x0000023631d08420 JavaThread "Reference Handler" daemon [_thread_blocked, id=19896, stack(0x000000b334800000,0x000000b334900000)]
  0x0000023631d08fd0 JavaThread "Finalizer" daemon [_thread_blocked, id=9876, stack(0x000000b334900000,0x000000b334a00000)]
  0x0000023631d18b80 JavaThread "Signal Dispatcher" daemon [_thread_blocked, id=12844, stack(0x000000b334a00000,0x000000b334b00000)]
  0x0000023631d19730 JavaThread "Attach Listener" daemon [_thread_blocked, id=21124, stack(0x000000b334b00000,0x000000b334c00000)]
  0x0000023631d1c1f0 JavaThread "Service Thread" daemon [_thread_blocked, id=16900, stack(0x000000b334c00000,0x000000b334d00000)]
  0x0000023631d1cba0 JavaThread "Monitor Deflation Thread" daemon [_thread_blocked, id=8920, stack(0x000000b334d00000,0x000000b334e00000)]
  0x0000023631d1d930 JavaThread "C2 CompilerThread0" daemon [_thread_blocked, id=18508, stack(0x000000b334e00000,0x000000b334f00000)]
  0x0000023631d1e320 JavaThread "C1 CompilerThread0" daemon [_thread_blocked, id=10832, stack(0x000000b334f00000,0x000000b335000000)]
  0x000002363280f5c0 JavaThread "Sweeper thread" daemon [_thread_blocked, id=13032, stack(0x000000b335000000,0x000000b335100000)]
  0x000002363296d0e0 JavaThread "JDWP Transport Listener: dt_socket" daemon [_thread_blocked, id=3028, stack(0x000000b335100000,0x000000b335200000)]
  0x000002363296dd90 JavaThread "JDWP Event Helper Thread" daemon [_thread_blocked, id=11736, stack(0x000000b335200000,0x000000b335300000)]
  0x000002363296e280 JavaThread "JDWP Command Reader" daemon [_thread_in_native, id=8128, stack(0x000000b335300000,0x000000b335400000)]
  0x0000023632974d70 JavaThread "Notification Thread" daemon [_thread_blocked, id=19416, stack(0x000000b335400000,0x000000b335500000)]
  0x0000023632985fc0 JavaThread "Common-Cleaner" daemon [_thread_blocked, id=15584, stack(0x000000b335600000,0x000000b335700000)]
  0x00000236332f2b10 JavaThread "ReaderThread" [_thread_in_native, id=18988, stack(0x000000b335800000,0x000000b335900000)]
  0x000002363a52dfb0 JavaThread "mysql-cj-abandoned-connection-cleanup" daemon [_thread_blocked, id=6572, stack(0x000000b336200000,0x000000b336300000)]
  0x0000023636ea3e20 JavaThread "HikariPool-1 housekeeper" daemon [_thread_blocked, id=20884, stack(0x000000b336400000,0x000000b336500000)]

Other Threads:
  0x0000023631d01970 VMThread "VM Thread" [stack: 0x000000b334700000,0x000000b334800000] [id=18660]
  0x000002360f220410 WatcherThread [stack: 0x000000b335500000,0x000000b335600000] [id=15100]
  0x000002360f1fda60 GCTaskThread "GC Thread#0" [stack: 0x000000b334200000,0x000000b334300000] [id=20888]
  0x000002363395a040 GCTaskThread "GC Thread#1" [stack: 0x000000b335900000,0x000000b335a00000] [id=20272]
  0x0000023633976010 GCTaskThread "GC Thread#2" [stack: 0x000000b335a00000,0x000000b335b00000] [id=19780]
  0x00000236339762c0 GCTaskThread "GC Thread#3" [stack: 0x000000b335b00000,0x000000b335c00000] [id=12744]
  0x0000023633976970 GCTaskThread "GC Thread#4" [stack: 0x000000b335c00000,0x000000b335d00000] [id=11992]
  0x0000023633976c20 GCTaskThread "GC Thread#5" [stack: 0x000000b335d00000,0x000000b335e00000] [id=20536]
  0x00000236338dfba0 GCTaskThread "GC Thread#6" [stack: 0x000000b335e00000,0x000000b335f00000] [id=11732]
  0x0000023635383300 GCTaskThread "GC Thread#7" [stack: 0x000000b336000000,0x000000b336100000] [id=4040]
  0x000002360f20f6d0 ConcurrentGCThread "G1 Main Marker" [stack: 0x000000b334300000,0x000000b334400000] [id=7964]
  0x000002360f2100e0 ConcurrentGCThread "G1 Conc#0" [stack: 0x000000b334400000,0x000000b334500000] [id=13564]
  0x00000236353721f0 ConcurrentGCThread "G1 Conc#1" [stack: 0x000000b336100000,0x000000b336200000] [id=4676]
  0x000002360f24e8f0 ConcurrentGCThread "G1 Refine#0" [stack: 0x000000b334500000,0x000000b334600000] [id=10532]
  0x0000023631bbf340 ConcurrentGCThread "G1 Service" [stack: 0x000000b334600000,0x000000b334700000] [id=19888]

Threads with active compile tasks:

VM state: not at safepoint (normal execution)

VM Mutex/Monitor currently owned by a thread: None

Heap address: 0x0000000704400000, size: 4028 MB, Compressed Oops mode: Zero based, Oop shift amount: 3

CDS archive(s) mapped at: [0x0000000800000000-0x0000000800bc0000-0x0000000800bc0000), size 12320768, SharedBaseAddress: 0x0000000800000000, ArchiveRelocationMode: 0.
Compressed class space mapped at: 0x0000000800c00000-0x0000000840c00000, reserved size: 1073741824
Narrow klass base: 0x0000000800000000, Narrow klass shift: 0, Narrow klass range: 0x100000000

GC Precious Log:
 CPUs: 8 total, 8 available
 Memory: 16106M
 Large Page Support: Disabled
 NUMA Support: Disabled
 Compressed Oops: Enabled (Zero based)
 Heap Region Size: 2M
 Heap Min Capacity: 8M
 Heap Initial Capacity: 252M
 Heap Max Capacity: 4028M
 Pre-touch: Disabled
 Parallel Workers: 8
 Concurrent Workers: 2
 Concurrent Refinement Workers: 8
 Periodic GC: Disabled

Heap:
 garbage-first heap   total 110592K, used 68009K [0x0000000704400000, 0x0000000800000000)
  region size 2048K, 25 young (51200K), 4 survivors (8192K)
 Metaspace       used 63798K, committed 64256K, reserved 1105920K
  class space    used 8786K, committed 9024K, reserved 1048576K

Heap Regions: E=young(eden), S=young(survivor), O=old, HS=humongous(starts), HC=humongous(continues), CS=collection set, F=free, OA=open archive, CA=closed archive, TAMS=top-at-mark-start (previous, next)
|   0|0x0000000704400000, 0x0000000704600000, 0x0000000704600000|100%| O|  |TAMS 0x0000000704600000, 0x0000000704400000| Untracked 
|   1|0x0000000704600000, 0x0000000704800000, 0x0000000704800000|100%| O|  |TAMS 0x0000000704800000, 0x0000000704600000| Untracked 
|   2|0x0000000704800000, 0x0000000704a00000, 0x0000000704a00000|100%| O|  |TAMS 0x0000000704a00000, 0x0000000704800000| Untracked 
|   3|0x0000000704a00000, 0x0000000704c00000, 0x0000000704c00000|100%| O|  |TAMS 0x0000000704c00000, 0x0000000704a00000| Untracked 
|   4|0x0000000704c00000, 0x0000000704e00000, 0x0000000704e00000|100%| O|  |TAMS 0x0000000704e00000, 0x0000000704c00000| Untracked 
|   5|0x0000000704e00000, 0x0000000705000000, 0x0000000705000000|100%| O|  |TAMS 0x0000000705000000, 0x0000000704e00000| Untracked 
|   6|0x0000000705000000, 0x0000000705200000, 0x0000000705200000|100%| O|  |TAMS 0x0000000705200000, 0x0000000705000000| Untracked 
|   7|0x0000000705200000, 0x0000000705400000, 0x0000000705400000|100%| O|  |TAMS 0x0000000705400000, 0x0000000705200000| Untracked 
|   8|0x0000000705400000, 0x0000000705600000, 0x0000000705600000|100%| O|  |TAMS 0x0000000705600000, 0x0000000705400000| Untracked 
|   9|0x0000000705600000, 0x00000007057b2600, 0x0000000705800000| 84%| O|  |TAMS 0x00000007057b2600, 0x0000000705600000| Untracked 
|  10|0x0000000705800000, 0x0000000705800000, 0x0000000705a00000|  0%| F|  |TAMS 0x0000000705800000, 0x0000000705800000| Untracked 
|  11|0x0000000705a00000, 0x0000000705a00000, 0x0000000705c00000|  0%| F|  |TAMS 0x0000000705a00000, 0x0000000705a00000| Untracked 
|  12|0x0000000705c00000, 0x0000000705c00000, 0x0000000705e00000|  0%| F|  |TAMS 0x0000000705c00000, 0x0000000705c00000| Untracked 
|  13|0x0000000705e00000, 0x0000000705e00000, 0x0000000706000000|  0%| F|  |TAMS 0x0000000705e00000, 0x0000000705e00000| Untracked 
|  14|0x0000000706000000, 0x0000000706000000, 0x0000000706200000|  0%| F|  |TAMS 0x0000000706000000, 0x0000000706000000| Untracked 
|  15|0x0000000706200000, 0x0000000706200000, 0x0000000706400000|  0%| F|  |TAMS 0x0000000706200000, 0x0000000706200000| Untracked 
|  16|0x0000000706400000, 0x0000000706400000, 0x0000000706600000|  0%| F|  |TAMS 0x0000000706400000, 0x0000000706400000| Untracked 
|  17|0x0000000706600000, 0x0000000706600000, 0x0000000706800000|  0%| F|  |TAMS 0x0000000706600000, 0x0000000706600000| Untracked 
|  18|0x0000000706800000, 0x0000000706800000, 0x0000000706a00000|  0%| F|  |TAMS 0x0000000706800000, 0x0000000706800000| Untracked 
|  19|0x0000000706a00000, 0x0000000706a00000, 0x0000000706c00000|  0%| F|  |TAMS 0x0000000706a00000, 0x0000000706a00000| Untracked 
|  20|0x0000000706c00000, 0x0000000706c00000, 0x0000000706e00000|  0%| F|  |TAMS 0x0000000706c00000, 0x0000000706c00000| Untracked 
|  21|0x0000000706e00000, 0x0000000706e00000, 0x0000000707000000|  0%| F|  |TAMS 0x0000000706e00000, 0x0000000706e00000| Untracked 
|  22|0x0000000707000000, 0x0000000707000000, 0x0000000707200000|  0%| F|  |TAMS 0x0000000707000000, 0x0000000707000000| Untracked 
|  23|0x0000000707200000, 0x0000000707200000, 0x0000000707400000|  0%| F|  |TAMS 0x0000000707200000, 0x0000000707200000| Untracked 
|  24|0x0000000707400000, 0x0000000707400000, 0x0000000707600000|  0%| F|  |TAMS 0x0000000707400000, 0x0000000707400000| Untracked 
|  25|0x0000000707600000, 0x0000000707600000, 0x0000000707800000|  0%| F|  |TAMS 0x0000000707600000, 0x0000000707600000| Untracked 
|  26|0x0000000707800000, 0x0000000707800000, 0x0000000707a00000|  0%| F|  |TAMS 0x0000000707800000, 0x0000000707800000| Untracked 
|  27|0x0000000707a00000, 0x0000000707a00000, 0x0000000707c00000|  0%| F|  |TAMS 0x0000000707a00000, 0x0000000707a00000| Untracked 
|  28|0x0000000707c00000, 0x0000000707c00000, 0x0000000707e00000|  0%| F|  |TAMS 0x0000000707c00000, 0x0000000707c00000| Untracked 
|  29|0x0000000707e00000, 0x0000000707f33a78, 0x0000000708000000| 60%| E|  |TAMS 0x0000000707e00000, 0x0000000707e00000| Complete 
|  30|0x0000000708000000, 0x0000000708200000, 0x0000000708200000|100%| E|CS|TAMS 0x0000000708000000, 0x0000000708000000| Complete 
|  31|0x0000000708200000, 0x0000000708400000, 0x0000000708400000|100%| E|CS|TAMS 0x0000000708200000, 0x0000000708200000| Complete 
|  32|0x0000000708400000, 0x0000000708600000, 0x0000000708600000|100%| E|CS|TAMS 0x0000000708400000, 0x0000000708400000| Complete 
|  33|0x0000000708600000, 0x0000000708800000, 0x0000000708800000|100%| E|CS|TAMS 0x0000000708600000, 0x0000000708600000| Complete 
|  34|0x0000000708800000, 0x00000007088b8060, 0x0000000708a00000| 35%| S|CS|TAMS 0x0000000708800000, 0x0000000708800000| Complete 
|  35|0x0000000708a00000, 0x0000000708c00000, 0x0000000708c00000|100%| S|CS|TAMS 0x0000000708a00000, 0x0000000708a00000| Complete 
|  36|0x0000000708c00000, 0x0000000708e00000, 0x0000000708e00000|100%| S|CS|TAMS 0x0000000708c00000, 0x0000000708c00000| Complete 
|  37|0x0000000708e00000, 0x0000000709000000, 0x0000000709000000|100%| S|CS|TAMS 0x0000000708e00000, 0x0000000708e00000| Complete 
|  38|0x0000000709000000, 0x0000000709200000, 0x0000000709200000|100%| E|CS|TAMS 0x0000000709000000, 0x0000000709000000| Complete 
|  39|0x0000000709200000, 0x0000000709400000, 0x0000000709400000|100%| E|CS|TAMS 0x0000000709200000, 0x0000000709200000| Complete 
|  40|0x0000000709400000, 0x0000000709600000, 0x0000000709600000|100%| E|CS|TAMS 0x0000000709400000, 0x0000000709400000| Complete 
|  41|0x0000000709600000, 0x0000000709800000, 0x0000000709800000|100%| E|CS|TAMS 0x0000000709600000, 0x0000000709600000| Complete 
|  42|0x0000000709800000, 0x0000000709a00000, 0x0000000709a00000|100%| E|CS|TAMS 0x0000000709800000, 0x0000000709800000| Complete 
|  43|0x0000000709a00000, 0x0000000709c00000, 0x0000000709c00000|100%| E|CS|TAMS 0x0000000709a00000, 0x0000000709a00000| Complete 
|  44|0x0000000709c00000, 0x0000000709e00000, 0x0000000709e00000|100%| E|CS|TAMS 0x0000000709c00000, 0x0000000709c00000| Complete 
|  45|0x0000000709e00000, 0x000000070a000000, 0x000000070a000000|100%| E|CS|TAMS 0x0000000709e00000, 0x0000000709e00000| Complete 
|  46|0x000000070a000000, 0x000000070a200000, 0x000000070a200000|100%| E|CS|TAMS 0x000000070a000000, 0x000000070a000000| Complete 
|  47|0x000000070a200000, 0x000000070a400000, 0x000000070a400000|100%| E|CS|TAMS 0x000000070a200000, 0x000000070a200000| Complete 
|  48|0x000000070a400000, 0x000000070a600000, 0x000000070a600000|100%| E|CS|TAMS 0x000000070a400000, 0x000000070a400000| Complete 
|  49|0x000000070a600000, 0x000000070a800000, 0x000000070a800000|100%| E|CS|TAMS 0x000000070a600000, 0x000000070a600000| Complete 
|  50|0x000000070a800000, 0x000000070aa00000, 0x000000070aa00000|100%| E|CS|TAMS 0x000000070a800000, 0x000000070a800000| Complete 
|  51|0x000000070aa00000, 0x000000070ac00000, 0x000000070ac00000|100%| E|CS|TAMS 0x000000070aa00000, 0x000000070aa00000| Complete 
|  90|0x000000070f800000, 0x000000070fa00000, 0x000000070fa00000|100%| E|CS|TAMS 0x000000070f800000, 0x000000070f800000| Complete 
| 125|0x0000000713e00000, 0x0000000714000000, 0x0000000714000000|100%| E|CS|TAMS 0x0000000713e00000, 0x0000000713e00000| Complete 

Card table byte_map: [0x0000023626500000,0x0000023626ce0000] _byte_map_base: 0x0000023622cde000

Marking Bits (Prev, Next): (CMBitMap*) 0x000002360f1ff0c0, (CMBitMap*) 0x000002360f1ff080
 Prev Bits: [0x000002362b3b0000, 0x000002362f2a0000)
 Next Bits: [0x00000236274c0000, 0x000002362b3b0000)

Polling page: 0x000002360d120000

Metaspace:

Usage:
  Non-class:     53.72 MB used.
      Class:      8.58 MB used.
       Both:     62.30 MB used.

Virtual space:
  Non-class space:       56.00 MB reserved,      53.94 MB ( 96%) committed,  7 nodes.
      Class space:        1.00 GB reserved,       8.81 MB ( <1%) committed,  1 nodes.
             Both:        1.05 GB reserved,      62.75 MB (  6%) committed. 

Chunk freelists:
   Non-Class:  1.38 MB
       Class:  3.00 MB
        Both:  4.38 MB

MaxMetaspaceSize: unlimited
CompressedClassSpaceSize: 1.00 GB
Initial GC threshold: 21.00 MB
Current GC threshold: 98.44 MB
CDS: on
MetaspaceReclaimPolicy: balanced
 - commit_granule_bytes: 65536.
 - commit_granule_words: 8192.
 - virtual_space_node_default_size: 1048576.
 - enlarge_chunks_in_place: 1.
 - new_chunks_are_fully_committed: 0.
 - uncommit_free_chunks: 1.
 - use_allocation_guard: 0.
 - handle_deallocations: 1.


Internal statistics:

num_allocs_failed_limit: 9.
num_arena_births: 658.
num_arena_deaths: 2.
num_vsnodes_births: 8.
num_vsnodes_deaths: 0.
num_space_committed: 1004.
num_space_uncommitted: 0.
num_chunks_returned_to_freelist: 12.
num_chunks_taken_from_freelist: 2937.
num_chunk_merges: 3.
num_chunk_splits: 2104.
num_chunks_enlarged: 1658.
num_purges: 2.
num_inconsistent_stats: 0.

CodeHeap 'non-profiled nmethods': size=120000Kb used=3801Kb max_used=3801Kb free=116198Kb
 bounds [0x000002361e4c0000, 0x000002361e880000, 0x00000236259f0000]
CodeHeap 'profiled nmethods': size=120000Kb used=10772Kb max_used=10772Kb free=109228Kb
 bounds [0x0000023616f90000, 0x0000023617a20000, 0x000002361e4c0000]
CodeHeap 'non-nmethods': size=5760Kb used=1433Kb max_used=1494Kb free=4326Kb
 bounds [0x00000236169f0000, 0x0000023616c60000, 0x0000023616f90000]
 total_blobs=6605 nmethods=5928 adapters=588
 compilation: enabled
              stopped_count=0, restarted_count=0
 full_count=0

Compilation events (20 events):
Event: 10.085 Thread 0x00000236330a3900 6776       4       java.lang.Character::toLowerCase (6 bytes)
Event: 10.087 Thread 0x00000236330a3900 nmethod 6776 0x000002361e84b790 code [0x000002361e84b920, 0x000002361e84ba78]
Event: 10.087 Thread 0x00000236330a3900 6908       4       java.lang.Class::annotationData (44 bytes)
Event: 10.099 Thread 0x00000236342045e0 nmethod 7014 0x000002361e84bc10 code [0x000002361e84c260, 0x000002361e856ed0]
Event: 10.099 Thread 0x00000236342045e0 6976       4       java.lang.Class::getDeclaredAnnotations (11 bytes)
Event: 10.141 Thread 0x00000236330a3900 nmethod 6908 0x000002361e85c090 code [0x000002361e85c320, 0x000002361e85e6a8]
Event: 10.141 Thread 0x00000236330a3900 6857       4       org.springframework.core.annotation.AnnotationsScanner::hasPlainJavaAnnotationsOnly (41 bytes)
Event: 10.149 Thread 0x00000236330a3900 nmethod 6857 0x000002361e85f790 code [0x000002361e85f940, 0x000002361e85fcf8]
Event: 10.176 Thread 0x00000236342045e0 nmethod 6976 0x000002361e860090 code [0x000002361e860360, 0x000002361e862c08]
Event: 10.382 Thread 0x0000023631d1d930 nmethod 6337 0x000002361e864190 code [0x000002361e864940, 0x000002361e86cca8]
Event: 10.627 Thread 0x0000023631d1e320 7258       3       java.lang.StackFrameInfo::<init> (25 bytes)
Event: 10.627 Thread 0x0000023631d1e320 nmethod 7258 0x0000023617a12c90 code [0x0000023617a12e40, 0x0000023617a131b8]
Event: 10.627 Thread 0x0000023631d1e320 7259       3       java.lang.invoke.MethodHandleImpl$1::newMemberName (8 bytes)
Event: 10.627 Thread 0x0000023631d1e320 nmethod 7259 0x0000023617a13310 code [0x0000023617a134c0, 0x0000023617a136f8]
Event: 14.153 Thread 0x0000023631d1e320 7260       1       java.lang.StackStreamFactory$FrameBuffer::getIndex (5 bytes)
Event: 14.153 Thread 0x0000023631d1e320 nmethod 7260 0x000002361e876490 code [0x000002361e876620, 0x000002361e8766f8]
Event: 36.830 Thread 0x0000023631d1e320 7261       3       java.util.concurrent.locks.AbstractQueuedSynchronizer::release (19 bytes)
Event: 36.831 Thread 0x0000023631d1e320 nmethod 7261 0x0000023617a13810 code [0x0000023617a13a00, 0x0000023617a13ea8]
Event: 39.049 Thread 0x0000023631d1e320 7262       3       java.lang.StackStreamFactory$FrameBuffer::get (58 bytes)
Event: 39.050 Thread 0x0000023631d1e320 nmethod 7262 0x0000023617a14010 code [0x0000023617a142a0, 0x0000023617a14c88]

GC Heap History (20 events):
Event: 4.132 GC heap before
{Heap before GC invocations=2 (full 0):
 garbage-first heap   total 258048K, used 73789K [0x0000000704400000, 0x0000000800000000)
  region size 2048K, 35 young (71680K), 1 survivors (2048K)
 Metaspace       used 21251K, committed 21504K, reserved 1073152K
  class space    used 2727K, committed 2880K, reserved 1048576K
}
Event: 4.143 GC heap after
{Heap after GC invocations=3 (full 0):
 garbage-first heap   total 258048K, used 12632K [0x0000000704400000, 0x0000000800000000)
  region size 2048K, 4 young (8192K), 4 survivors (8192K)
 Metaspace       used 21251K, committed 21504K, reserved 1073152K
  class space    used 2727K, committed 2880K, reserved 1048576K
}
Event: 5.117 GC heap before
{Heap before GC invocations=4 (full 0):
 garbage-first heap   total 61440K, used 41304K [0x0000000704400000, 0x0000000800000000)
  region size 2048K, 18 young (36864K), 4 survivors (8192K)
 Metaspace       used 25618K, committed 25984K, reserved 1073152K
  class space    used 3348K, committed 3520K, reserved 1048576K
}
Event: 5.124 GC heap after
{Heap after GC invocations=5 (full 0):
 garbage-first heap   total 61440K, used 14985K [0x0000000704400000, 0x0000000800000000)
  region size 2048K, 2 young (4096K), 2 survivors (4096K)
 Metaspace       used 25618K, committed 25984K, reserved 1073152K
  class space    used 3348K, committed 3520K, reserved 1048576K
}
Event: 5.178 GC heap before
{Heap before GC invocations=5 (full 0):
 garbage-first heap   total 61440K, used 14985K [0x0000000704400000, 0x0000000800000000)
  region size 2048K, 3 young (6144K), 2 survivors (4096K)
 Metaspace       used 26062K, committed 26432K, reserved 1073152K
  class space    used 3409K, committed 3584K, reserved 1048576K
}
Event: 5.182 GC heap after
{Heap after GC invocations=6 (full 0):
 garbage-first heap   total 61440K, used 15618K [0x0000000704400000, 0x0000000800000000)
  region size 2048K, 1 young (2048K), 1 survivors (2048K)
 Metaspace       used 26062K, committed 26432K, reserved 1073152K
  class space    used 3409K, committed 3584K, reserved 1048576K
}
Event: 5.697 GC heap before
{Heap before GC invocations=6 (full 0):
 garbage-first heap   total 61440K, used 40194K [0x0000000704400000, 0x0000000800000000)
  region size 2048K, 13 young (26624K), 1 survivors (2048K)
 Metaspace       used 30628K, committed 31040K, reserved 1081344K
  class space    used 4258K, committed 4416K, reserved 1048576K
}
Event: 5.701 GC heap after
{Heap after GC invocations=7 (full 0):
 garbage-first heap   total 61440K, used 16284K [0x0000000704400000, 0x0000000800000000)
  region size 2048K, 1 young (2048K), 1 survivors (2048K)
 Metaspace       used 30628K, committed 31040K, reserved 1081344K
  class space    used 4258K, committed 4416K, reserved 1048576K
}
Event: 6.330 GC heap before
{Heap before GC invocations=7 (full 0):
 garbage-first heap   total 61440K, used 40860K [0x0000000704400000, 0x0000000800000000)
  region size 2048K, 14 young (28672K), 1 survivors (2048K)
 Metaspace       used 34700K, committed 35136K, reserved 1081344K
  class space    used 4793K, committed 4992K, reserved 1048576K
}
Event: 6.336 GC heap after
{Heap after GC invocations=8 (full 0):
 garbage-first heap   total 61440K, used 18342K [0x0000000704400000, 0x0000000800000000)
  region size 2048K, 2 young (4096K), 2 survivors (4096K)
 Metaspace       used 34700K, committed 35136K, reserved 1081344K
  class space    used 4793K, committed 4992K, reserved 1048576K
}
Event: 6.430 GC heap before
{Heap before GC invocations=8 (full 0):
 garbage-first heap   total 61440K, used 20390K [0x0000000704400000, 0x0000000800000000)
  region size 2048K, 4 young (8192K), 2 survivors (4096K)
 Metaspace       used 35670K, committed 35968K, reserved 1081344K
  class space    used 4913K, committed 5056K, reserved 1048576K
}
Event: 6.435 GC heap after
{Heap after GC invocations=9 (full 0):
 garbage-first heap   total 61440K, used 19413K [0x0000000704400000, 0x0000000800000000)
  region size 2048K, 2 young (4096K), 2 survivors (4096K)
 Metaspace       used 35670K, committed 35968K, reserved 1081344K
  class space    used 4913K, committed 5056K, reserved 1048576K
}
Event: 6.969 GC heap before
{Heap before GC invocations=10 (full 0):
 garbage-first heap   total 61440K, used 41941K [0x0000000704400000, 0x0000000800000000)
  region size 2048K, 13 young (26624K), 2 survivors (4096K)
 Metaspace       used 41816K, committed 42240K, reserved 1089536K
  class space    used 5655K, committed 5888K, reserved 1048576K
}
Event: 6.975 GC heap after
{Heap after GC invocations=11 (full 0):
 garbage-first heap   total 61440K, used 20419K [0x0000000704400000, 0x0000000800000000)
  region size 2048K, 2 young (4096K), 2 survivors (4096K)
 Metaspace       used 41816K, committed 42240K, reserved 1089536K
  class space    used 5655K, committed 5888K, reserved 1048576K
}
Event: 7.285 GC heap before
{Heap before GC invocations=11 (full 0):
 garbage-first heap   total 61440K, used 42947K [0x0000000704400000, 0x0000000800000000)
  region size 2048K, 13 young (26624K), 2 survivors (4096K)
 Metaspace       used 44727K, committed 45120K, reserved 1089536K
  class space    used 6077K, committed 6272K, reserved 1048576K
}
Event: 7.288 GC heap after
{Heap after GC invocations=12 (full 0):
 garbage-first heap   total 61440K, used 21500K [0x0000000704400000, 0x0000000800000000)
  region size 2048K, 2 young (4096K), 2 survivors (4096K)
 Metaspace       used 44727K, committed 45120K, reserved 1089536K
  class space    used 6077K, committed 6272K, reserved 1048576K
}
Event: 7.687 GC heap before
{Heap before GC invocations=12 (full 0):
 garbage-first heap   total 61440K, used 41980K [0x0000000704400000, 0x0000000800000000)
  region size 2048K, 13 young (26624K), 2 survivors (4096K)
 Metaspace       used 48839K, committed 49216K, reserved 1097728K
  class space    used 6597K, committed 6784K, reserved 1048576K
}
Event: 7.691 GC heap after
{Heap after GC invocations=13 (full 0):
 garbage-first heap   total 159744K, used 22217K [0x0000000704400000, 0x0000000800000000)
  region size 2048K, 1 young (2048K), 1 survivors (2048K)
 Metaspace       used 48839K, committed 49216K, reserved 1097728K
  class space    used 6597K, committed 6784K, reserved 1048576K
}
Event: 9.205 GC heap before
{Heap before GC invocations=13 (full 0):
 garbage-first heap   total 159744K, used 102089K [0x0000000704400000, 0x0000000800000000)
  region size 2048K, 41 young (83968K), 1 survivors (2048K)
 Metaspace       used 59965K, committed 60416K, reserved 1105920K
  class space    used 8155K, committed 8384K, reserved 1048576K
}
Event: 9.216 GC heap after
{Heap after GC invocations=14 (full 0):
 garbage-first heap   total 159744K, used 27049K [0x0000000704400000, 0x0000000800000000)
  region size 2048K, 4 young (8192K), 4 survivors (8192K)
 Metaspace       used 59965K, committed 60416K, reserved 1105920K
  class space    used 8155K, committed 8384K, reserved 1048576K
}

Deoptimization events (20 events):
Event: 10.043 Thread 0x000002360f192130 DEOPT PACKING pc=0x0000023617a11492 sp=0x000000b3341fbe20
Event: 10.043 Thread 0x000002360f192130 DEOPT UNPACKING pc=0x0000023616a46763 sp=0x000000b3341fb300 mode 0
Event: 10.044 Thread 0x000002360f192130 DEOPT PACKING pc=0x0000023617a11492 sp=0x000000b3341fbe20
Event: 10.044 Thread 0x000002360f192130 DEOPT UNPACKING pc=0x0000023616a46763 sp=0x000000b3341fb300 mode 0
Event: 10.045 Thread 0x000002360f192130 DEOPT PACKING pc=0x0000023617a11492 sp=0x000000b3341fbe20
Event: 10.045 Thread 0x000002360f192130 DEOPT UNPACKING pc=0x0000023616a46763 sp=0x000000b3341fb300 mode 0
Event: 10.047 Thread 0x000002360f192130 DEOPT PACKING pc=0x0000023617a11492 sp=0x000000b3341fbe20
Event: 10.047 Thread 0x000002360f192130 DEOPT UNPACKING pc=0x0000023616a46763 sp=0x000000b3341fb300 mode 0
Event: 10.048 Thread 0x000002360f192130 DEOPT PACKING pc=0x0000023617a11492 sp=0x000000b3341fbe20
Event: 10.048 Thread 0x000002360f192130 DEOPT UNPACKING pc=0x0000023616a46763 sp=0x000000b3341fb300 mode 0
Event: 10.049 Thread 0x000002360f192130 DEOPT PACKING pc=0x0000023617a11492 sp=0x000000b3341fbe20
Event: 10.049 Thread 0x000002360f192130 DEOPT UNPACKING pc=0x0000023616a46763 sp=0x000000b3341fb300 mode 0
Event: 11.025 Thread 0x000002363a52dfb0 Uncommon trap: trap_request=0xffffff45 fr.pc=0x000002361e5a5468 relative=0x00000000000040e8
Event: 11.025 Thread 0x000002363a52dfb0 Uncommon trap: reason=unstable_if action=reinterpret pc=0x000002361e5a5468 method=java.net.URLStreamHandler.parseURL(Ljava/net/URL;Ljava/lang/String;II)V @ 57 c2
Event: 11.025 Thread 0x000002363a52dfb0 DEOPT PACKING pc=0x000002361e5a5468 sp=0x000000b3362feb40
Event: 11.025 Thread 0x000002363a52dfb0 DEOPT UNPACKING pc=0x0000023616a45c23 sp=0x000000b3362feb50 mode 2
Event: 13.941 Thread 0x000002360f192130 Uncommon trap: trap_request=0xffffff45 fr.pc=0x000002361e4e5c2c relative=0x00000000000000ac
Event: 13.941 Thread 0x000002360f192130 Uncommon trap: reason=unstable_if action=reinterpret pc=0x000002361e4e5c2c method=java.lang.CharacterDataLatin1.digit(II)I @ 7 c2
Event: 13.941 Thread 0x000002360f192130 DEOPT PACKING pc=0x000002361e4e5c2c sp=0x000000b3341fbc40
Event: 13.941 Thread 0x000002360f192130 DEOPT UNPACKING pc=0x0000023616a45c23 sp=0x000000b3341fbbc0 mode 2

Classes unloaded (1 events):
Event: 9.249 Thread 0x0000023631d01970 Unloading class 0x0000000801014000 'net/bytebuddy/mirror/AccessibleObject'

Classes redefined (4 events):
Event: 5.724 Thread 0x0000023631d01970 redefined class name=com.openclassrooms.pay_my_buddy.repository.UsersServiceInterface, count=1
Event: 5.724 Thread 0x0000023631d01970 redefined class name=com.openclassrooms.pay_my_buddy.service.UsersService, count=1
Event: 5.724 Thread 0x0000023631d01970 redefined class name=java.lang.Object, count=1
Event: 5.809 Thread 0x0000023631d01970 redefined class name=com.openclassrooms.pay_my_buddy.model.Users, count=2

Internal exceptions (20 events):
Event: 8.522 Thread 0x000002360f192130 Implicit null exception at 0x000002361e775913 to 0x000002361e77899c
Event: 8.605 Thread 0x000002360f192130 Exception <a 'java/lang/IncompatibleClassChangeError'{0x000000070ae47eb8}: Found class java.lang.Object, but interface was expected> (0x000000070ae47eb8) 
thrown [t:\workspace\open\src\hotspot\share\interpreter\linkResolver.cpp, line 833]
Event: 8.860 Thread 0x000002360f192130 Exception <a 'java/lang/NoSuchMethodError'{0x0000000709e9e6b0}: 'void java.lang.invoke.DirectMethodHandle$Holder.invokeStatic(java.lang.Object, java.lang.Object, int)'> (0x0000000709e9e6b0) 
thrown [t:\workspace\open\src\hotspot\share\interpreter\linkResolver.cpp, line 766]
Event: 8.949 Thread 0x000002360f192130 Implicit null exception at 0x000002361e5ed0c1 to 0x000002361e5ed182
Event: 9.278 Thread 0x000002360f192130 Exception <a 'java/lang/IncompatibleClassChangeError'{0x000000070f916018}: Found class java.lang.Object, but interface was expected> (0x000000070f916018) 
thrown [t:\workspace\open\src\hotspot\share\interpreter\linkResolver.cpp, line 833]
Event: 9.333 Thread 0x000002360f192130 Exception <a 'java/lang/IncompatibleClassChangeError'{0x000000070a8ae538}: Found class java.lang.Object, but interface was expected> (0x000000070a8ae538) 
thrown [t:\workspace\open\src\hotspot\share\interpreter\linkResolver.cpp, line 833]
Event: 9.494 Thread 0x000002360f192130 Exception <a 'java/lang/NoSuchMethodError'{0x000000070a0da660}: 'void java.lang.invoke.DirectMethodHandle$Holder.invokeInterface(java.lang.Object, java.lang.Object, int)'> (0x000000070a0da660) 
thrown [t:\workspace\open\src\hotspot\share\interpreter\linkResolver.cpp, line 766]
Event: 9.500 Thread 0x000002360f192130 Exception <a 'java/lang/IncompatibleClassChangeError'{0x000000070a12ba98}: Found class java.lang.Object, but interface was expected> (0x000000070a12ba98) 
thrown [t:\workspace\open\src\hotspot\share\interpreter\linkResolver.cpp, line 833]
Event: 9.501 Thread 0x000002360f192130 Exception <a 'java/lang/NoSuchMethodError'{0x000000070a1311a8}: 'void java.lang.invoke.DirectMethodHandle$Holder.invokeStatic(java.lang.Object, int, java.lang.Object)'> (0x000000070a1311a8) 
thrown [t:\workspace\open\src\hotspot\share\interpreter\linkResolver.cpp, line 766]
Event: 9.602 Thread 0x000002360f192130 Exception <a 'java/lang/NoSuchMethodError'{0x0000000709af97a8}: 'void java.lang.invoke.DirectMethodHandle$Holder.invokeVirtual(java.lang.Object, java.lang.Object, int)'> (0x0000000709af97a8) 
thrown [t:\workspace\open\src\hotspot\share\interpreter\linkResolver.cpp, line 766]
Event: 9.604 Thread 0x000002360f192130 Exception <a 'java/lang/NoSuchMethodError'{0x0000000709b17ee0}: 'void java.lang.invoke.DirectMethodHandle$Holder.invokeVirtual(java.lang.Object, java.lang.Object, long)'> (0x0000000709b17ee0) 
thrown [t:\workspace\open\src\hotspot\share\interpreter\linkResolver.cpp, line 766]
Event: 9.749 Thread 0x000002360f192130 Implicit null exception at 0x000002361e637e3a to 0x000002361e638078
Event: 9.809 Thread 0x000002360f192130 Exception <a 'java/lang/NoSuchMethodError'{0x00000007087ceb98}: 'java.lang.Object java.lang.invoke.DirectMethodHandle$Holder.newInvokeSpecial(java.lang.Object, java.lang.Object, int, java.lang.Object, java.lang.Object)'> (0x00000007087ceb98) 
thrown [t:\workspace\open\src\hotspot\share\interpreter\linkResolver.cpp, line 766]
Event: 9.809 Thread 0x000002360f192130 Exception <a 'java/lang/NoSuchMethodError'{0x00000007087da760}: 'java.lang.Object java.lang.invoke.DirectMethodHandle$Holder.invokeSpecial(java.lang.Object, java.lang.Object, int, java.lang.Object, int, java.lang.Object)'> (0x00000007087da760) 
thrown [t:\workspace\open\src\hotspot\share\interpreter\linkResolver.cpp, line 766]
Event: 9.810 Thread 0x000002360f192130 Exception <a 'java/lang/NoSuchMethodError'{0x00000007087e2e80}: 'java.lang.Object java.lang.invoke.DirectMethodHandle$Holder.newInvokeSpecial(java.lang.Object, java.lang.Object, int, java.lang.Object, int)'> (0x00000007087e2e80) 
thrown [t:\workspace\open\src\hotspot\share\interpreter\linkResolver.cpp, line 766]
Event: 9.810 Thread 0x000002360f192130 Exception <a 'java/lang/NoSuchMethodError'{0x00000007087e74d0}: 'java.lang.Object java.lang.invoke.DirectMethodHandle$Holder.invokeSpecial(java.lang.Object, java.lang.Object, java.lang.Object, int, java.lang.Object, int)'> (0x00000007087e74d0) 
thrown [t:\workspace\open\src\hotspot\share\interpreter\linkResolver.cpp, line 766]
Event: 9.854 Thread 0x000002360f192130 Exception <a 'java/lang/NoSuchMethodError'{0x000000070856b188}: 'java.lang.Object java.lang.invoke.DirectMethodHandle$Holder.newInvokeSpecial(java.lang.Object, java.lang.Object, java.lang.Object, java.lang.Object, int)'> (0x000000070856b188) 
thrown [t:\workspace\open\src\hotspot\share\interpreter\linkResolver.cpp, line 766]
Event: 9.854 Thread 0x000002360f192130 Exception <a 'java/lang/NoSuchMethodError'{0x000000070856f670}: 'java.lang.Object java.lang.invoke.DirectMethodHandle$Holder.invokeSpecial(java.lang.Object, java.lang.Object, java.lang.Object, java.lang.Object, java.lang.Object, int)'> (0x000000070856f670) 
thrown [t:\workspace\open\src\hotspot\share\interpreter\linkResolver.cpp, line 766]
Event: 9.854 Thread 0x000002360f192130 Exception <a 'java/lang/NoSuchMethodError'{0x0000000708573400}: 'java.lang.Object java.lang.invoke.Invokers$Holder.linkToTargetMethod(java.lang.Object, java.lang.Object, java.lang.Object, int, java.lang.Object)'> (0x0000000708573400) 
thrown [t:\workspace\open\src\hotspot\share\interpreter\linkResolver.cpp, line 766]
Event: 9.871 Thread 0x000002360f192130 Exception <a 'java/lang/IncompatibleClassChangeError'{0x0000000708238360}: Found class java.lang.Object, but interface was expected> (0x0000000708238360) 
thrown [t:\workspace\open\src\hotspot\share\interpreter\linkResolver.cpp, line 833]

VM Operations (20 events):
Event: 15.737 Executing VM operation: get/set locals
Event: 15.738 Executing VM operation: get/set locals done
Event: 15.791 Executing VM operation: get/set locals
Event: 15.791 Executing VM operation: get/set locals done
Event: 17.918 Executing VM operation: ChangeBreakpoints
Event: 17.919 Executing VM operation: ChangeBreakpoints done
Event: 24.854 Executing VM operation: ChangeBreakpoints
Event: 24.855 Executing VM operation: ChangeBreakpoints done
Event: 25.963 Executing VM operation: ChangeBreakpoints
Event: 25.965 Executing VM operation: ChangeBreakpoints done
Event: 31.960 Executing VM operation: get/set locals
Event: 31.961 Executing VM operation: get/set locals done
Event: 32.472 Executing VM operation: get/set locals
Event: 32.473 Executing VM operation: get/set locals done
Event: 39.021 Executing VM operation: get/set locals
Event: 39.021 Executing VM operation: get/set locals done
Event: 39.024 Executing VM operation: get/set locals
Event: 39.025 Executing VM operation: get/set locals done
Event: 39.056 Executing VM operation: get/set locals
Event: 39.056 Executing VM operation: get/set locals done

Events (20 events):
Event: 9.894 loading class org/mockito/internal/stubbing/ConsecutiveStubbing done
Event: 9.894 loading class org/springframework/security/crypto/bcrypt/BCrypt
Event: 9.894 loading class org/springframework/security/crypto/bcrypt/BCrypt done
Event: 10.627 Thread 0x00000236342045e0 Thread exited: 0x00000236342045e0
Event: 10.627 loading class org/mockito/internal/invocation/MatcherApplicationStrategy
Event: 10.627 loading class org/mockito/internal/invocation/MatcherApplicationStrategy done
Event: 10.628 loading class org/mockito/internal/invocation/TypeSafeMatching
Event: 10.628 loading class org/mockito/internal/invocation/TypeSafeMatching done
Event: 10.628 loading class org/mockito/ArgumentMatcher
Event: 10.628 loading class org/mockito/ArgumentMatcher done
Event: 10.628 loading class org/mockito/ArgumentMatcher
Event: 10.628 loading class org/mockito/ArgumentMatcher done
Event: 10.629 loading class org/mockito/internal/matchers/Equality
Event: 10.629 loading class org/mockito/internal/matchers/Equality done
Event: 12.319 Thread 0x0000023636ea2140 Thread exited: 0x0000023636ea2140
Event: 13.941 loading class java/text/ParsePosition
Event: 13.941 loading class java/text/ParsePosition done
Event: 13.941 loading class java/text/CalendarBuilder
Event: 13.941 loading class java/text/CalendarBuilder done
Event: 14.153 Thread 0x00000236330a3900 Thread exited: 0x00000236330a3900


Dynamic libraries:
0x00007ff68e390000 - 0x00007ff68e3a0000 	C:\Program Files\Java\jdk-17.0.3.1\bin\java.exe
0x00007ff9bae50000 - 0x00007ff9bb064000 	C:\WINDOWS\SYSTEM32\ntdll.dll
0x00007ff9b8ea0000 - 0x00007ff9b8f62000 	C:\WINDOWS\System32\KERNEL32.DLL
0x00007ff9b8570000 - 0x00007ff9b8913000 	C:\WINDOWS\System32\KERNELBASE.dll
0x00007ff9b8a40000 - 0x00007ff9b8b51000 	C:\WINDOWS\System32\ucrtbase.dll
0x00007ff924910000 - 0x00007ff924928000 	C:\Program Files\Java\jdk-17.0.3.1\bin\jli.dll
0x00007ff9b8df0000 - 0x00007ff9b8e9e000 	C:\WINDOWS\System32\ADVAPI32.dll
0x00007ff9ba560000 - 0x00007ff9ba607000 	C:\WINDOWS\System32\msvcrt.dll
0x00007ff9ba110000 - 0x00007ff9ba1b4000 	C:\WINDOWS\System32\sechost.dll
0x00007ff9b8c50000 - 0x00007ff9b8d67000 	C:\WINDOWS\System32\RPCRT4.dll
0x00007ff9b9f60000 - 0x00007ff9ba10b000 	C:\WINDOWS\System32\USER32.dll
0x00007ff9b8270000 - 0x00007ff9b8296000 	C:\WINDOWS\System32\win32u.dll
0x00007ff9b9f30000 - 0x00007ff9b9f59000 	C:\WINDOWS\System32\GDI32.dll
0x00007ff9b8920000 - 0x00007ff9b8a38000 	C:\WINDOWS\System32\gdi32full.dll
0x00007ff9b8360000 - 0x00007ff9b83fa000 	C:\WINDOWS\System32\msvcp_win.dll
0x00007ff98edf0000 - 0x00007ff98f07e000 	C:\WINDOWS\WinSxS\amd64_microsoft.windows.common-controls_6595b64144ccf1df_6.0.22621.1635_none_270f70857386168e\COMCTL32.dll
0x00007ff9a61f0000 - 0x00007ff9a61fa000 	C:\WINDOWS\SYSTEM32\VERSION.dll
0x00007ff9248f0000 - 0x00007ff92490a000 	C:\Program Files\Java\jdk-17.0.3.1\bin\VCRUNTIME140.dll
0x00007ff9b9c60000 - 0x00007ff9b9c91000 	C:\WINDOWS\System32\IMM32.DLL
0x00007ff97cde0000 - 0x00007ff97cdec000 	C:\Program Files\Java\jdk-17.0.3.1\bin\vcruntime140_1.dll
0x00007ff924b60000 - 0x00007ff924bed000 	C:\Program Files\Java\jdk-17.0.3.1\bin\msvcp140.dll
0x00007ff91c950000 - 0x00007ff91d510000 	C:\Program Files\Java\jdk-17.0.3.1\bin\server\jvm.dll
0x00007ff9b9540000 - 0x00007ff9b9548000 	C:\WINDOWS\System32\PSAPI.DLL
0x00007ff9a1c50000 - 0x00007ff9a1c59000 	C:\WINDOWS\SYSTEM32\WSOCK32.dll
0x00007ff9b9ca0000 - 0x00007ff9b9d11000 	C:\WINDOWS\System32\WS2_32.dll
0x00007ff9b53f0000 - 0x00007ff9b5424000 	C:\WINDOWS\SYSTEM32\WINMM.dll
0x00007ff9b73b0000 - 0x00007ff9b73c8000 	C:\WINDOWS\SYSTEM32\kernel.appcore.dll
0x00007ff978490000 - 0x00007ff97849a000 	C:\Program Files\Java\jdk-17.0.3.1\bin\jimage.dll
0x00007ff9b6830000 - 0x00007ff9b6a5e000 	C:\WINDOWS\SYSTEM32\DBGHELP.DLL
0x00007ff9b96f0000 - 0x00007ff9b9a79000 	C:\WINDOWS\System32\combase.dll
0x00007ff9b9450000 - 0x00007ff9b9527000 	C:\WINDOWS\System32\OLEAUT32.dll
0x00007ff9b53b0000 - 0x00007ff9b53e2000 	C:\WINDOWS\SYSTEM32\dbgcore.DLL
0x00007ff9b8b60000 - 0x00007ff9b8bdb000 	C:\WINDOWS\System32\bcryptPrimitives.dll
0x00007ff920cb0000 - 0x00007ff920ceb000 	C:\Program Files\Java\jdk-17.0.3.1\bin\jdwp.dll
0x00007ff924b30000 - 0x00007ff924b55000 	C:\Program Files\Java\jdk-17.0.3.1\bin\java.dll
0x00007ff924810000 - 0x00007ff9248e6000 	C:\Program Files\Java\jdk-17.0.3.1\bin\jsvml.dll
0x00007ff9ba610000 - 0x00007ff9bae0a000 	C:\WINDOWS\System32\SHELL32.dll
0x00007ff9b5e00000 - 0x00007ff9b66ce000 	C:\WINDOWS\SYSTEM32\windows.storage.dll
0x00007ff9b5cc0000 - 0x00007ff9b5dfe000 	C:\WINDOWS\SYSTEM32\wintypes.dll
0x00007ff9ba460000 - 0x00007ff9ba551000 	C:\WINDOWS\System32\SHCORE.dll
0x00007ff9b9ed0000 - 0x00007ff9b9f2e000 	C:\WINDOWS\System32\shlwapi.dll
0x00007ff9b81a0000 - 0x00007ff9b81c1000 	C:\WINDOWS\SYSTEM32\profapi.dll
0x00007ff975db0000 - 0x00007ff975dbc000 	C:\Program Files\Java\jdk-17.0.3.1\bin\dt_socket.dll
0x00007ff9b6e60000 - 0x00007ff9b6e8d000 	C:\WINDOWS\SYSTEM32\IPHLPAPI.DLL
0x00007ff9b7820000 - 0x00007ff9b7889000 	C:\WINDOWS\system32\mswsock.dll
0x00007ff9b6e90000 - 0x00007ff9b6f83000 	C:\WINDOWS\SYSTEM32\DNSAPI.dll
0x00007ff9b9b80000 - 0x00007ff9b9b89000 	C:\WINDOWS\System32\NSI.dll
0x00007ff9a71a0000 - 0x00007ff9a71aa000 	C:\Windows\System32\rasadhlp.dll
0x00007ff9a6dc0000 - 0x00007ff9a6e44000 	C:\WINDOWS\System32\fwpuclnt.dll
0x00007ff924940000 - 0x00007ff924959000 	C:\Program Files\Java\jdk-17.0.3.1\bin\net.dll
0x00007ff9ae610000 - 0x00007ff9ae747000 	C:\WINDOWS\SYSTEM32\WINHTTP.dll
0x00007ff9247f0000 - 0x00007ff924806000 	C:\Program Files\Java\jdk-17.0.3.1\bin\nio.dll
0x00007ff925560000 - 0x00007ff925578000 	C:\Program Files\Java\jdk-17.0.3.1\bin\zip.dll
0x00007ff9ab6c0000 - 0x00007ff9ab6d9000 	C:\WINDOWS\SYSTEM32\dhcpcsvc6.DLL
0x00007ff9a71b0000 - 0x00007ff9a71cf000 	C:\WINDOWS\SYSTEM32\dhcpcsvc.DLL
0x00007ff975e30000 - 0x00007ff975e40000 	C:\Program Files\Java\jdk-17.0.3.1\bin\verify.dll
0x00007ff977a80000 - 0x00007ff977a8e000 	C:\Program Files\Java\jdk-17.0.3.1\bin\instrument.dll
0x00007ff9b7a80000 - 0x00007ff9b7a9b000 	C:\WINDOWS\SYSTEM32\CRYPTSP.dll
0x00007ff9b7320000 - 0x00007ff9b7355000 	C:\WINDOWS\system32\rsaenh.dll
0x00007ff9b7920000 - 0x00007ff9b7948000 	C:\WINDOWS\SYSTEM32\USERENV.dll
0x00007ff9b7c20000 - 0x00007ff9b7c48000 	C:\WINDOWS\SYSTEM32\bcrypt.dll
0x00007ff9b7aa0000 - 0x00007ff9b7aac000 	C:\WINDOWS\SYSTEM32\CRYPTBASE.dll
0x00007ff998e40000 - 0x00007ff998e4e000 	C:\Program Files\Java\jdk-17.0.3.1\bin\sunmscapi.dll
0x00007ff9b8400000 - 0x00007ff9b8567000 	C:\WINDOWS\System32\CRYPT32.dll
0x00007ff9b7bf0000 - 0x00007ff9b7c1e000 	C:\WINDOWS\SYSTEM32\ncrypt.dll
0x00007ff9b7bb0000 - 0x00007ff9b7be7000 	C:\WINDOWS\SYSTEM32\NTASN1.dll

dbghelp: loaded successfully - version: 4.0.5 - missing functions: none
symbol engine: initialized successfully - sym options: 0x614 - pdb path: .;C:\Program Files\Java\jdk-17.0.3.1\bin;C:\WINDOWS\SYSTEM32;C:\WINDOWS\WinSxS\amd64_microsoft.windows.common-controls_6595b64144ccf1df_6.0.22621.1635_none_270f70857386168e;C:\Program Files\Java\jdk-17.0.3.1\bin\server

VM Arguments:
jvm_args: -Xdebug -Xnoagent -Djava.compiler=NONE -Xrunjdwp:transport=dt_socket,address=localhost:60929,server=n,suspend=y -ea -XX:+ShowCodeDetailsInExceptionMessages -Dfile.encoding=UTF-8 
java_command: org.eclipse.jdt.internal.junit.runner.RemoteTestRunner -version 3 -port 60923 -testLoaderClass org.eclipse.jdt.internal.junit5.runner.JUnit5TestLoader -loaderpluginname org.eclipse.jdt.junit5.runtime -test com.openclassrooms.pay_my_buddy.PayMyBuddyApplicationServiceTests:testRegisterNewUser
java_class_path (initial): c:\Users\kls_k\OneDrive\Claudiu - hors connexion\WorkJavaVisualCode\CoursPayMyBuddy\pay_my_buddy\target\test-classes;c:\Users\kls_k\OneDrive\Claudiu - hors connexion\WorkJavaVisualCode\CoursPayMyBuddy\pay_my_buddy\target\classes;c:\Users\kls_k\.m2\repository\org\springframework\boot\spring-boot-starter-oauth2-client\3.0.6\spring-boot-starter-oauth2-client-3.0.6.jar;c:\Users\kls_k\.m2\repository\org\springframework\security\spring-security-core\6.0.3\spring-security-core-6.0.3.jar;c:\Users\kls_k\.m2\repository\org\springframework\security\spring-security-crypto\6.0.3\spring-security-crypto-6.0.3.jar;c:\Users\kls_k\.m2\repository\org\springframework\spring-expression\6.0.8\spring-expression-6.0.8.jar;c:\Users\kls_k\.m2\repository\io\micrometer\micrometer-observation\1.10.6\micrometer-observation-1.10.6.jar;c:\Users\kls_k\.m2\repository\io\micrometer\micrometer-commons\1.10.6\micrometer-commons-1.10.6.jar;c:\Users\kls_k\.m2\repository\org\springframework\security\spring-security-oauth2-client\6.0.3\spring-security-oauth2-client-6.0.3.jar;c:\Users\kls_k\.m2\repository\org\springframework\security\spring-security-oauth2-core\6.0.3\spring-security-oauth2-core-6.0.3.jar;c:\Users\kls_k\.m2\repository\com\nimbusds\oauth2-oidc-sdk\9.43.1\oauth2-oidc-sdk-9.43.1.jar;c:\Users\kls_k\.m2\repository\com\github\stephenc\jcip\jcip-annotations\1.0-1\jcip-annotations-1.0-1.jar;c:\Users\kls_k\.m2\repository\com\nimbusds\content-type\2.2\content-type-2.2.jar;c:\Users\kls_k\.m2\repository\com\nimbusds\lang-tag\1.7\lang-tag-1.7.jar;c:\Users\kls_k\.m2\repository\org\springframework\security\spring-security-oauth2-jose\6.0.3\spring-security-oauth2-jose-6.0.3.jar;c:\Users\kls_k\.m2\repository\com\nimbusds\nimbus-jose-jwt\9.24.4\nimbus-jose-jwt-9.24.4.jar;c:\Users\kls_k\.m2\repository\org\springframework\boot\spring-boot-starter-security\3.0.6\spring-boot-starter-security-3.0.6.jar;c:\Users\kls_k\.m2\repository\org\springframework\spring-aop\6.0.8\spring-aop-6.0.8.
Launcher Type: SUN_STANDARD

[Global flags]
     intx CICompilerCount                          = 4                                         {product} {ergonomic}
     uint ConcGCThreads                            = 2                                         {product} {ergonomic}
     uint G1ConcRefinementThreads                  = 8                                         {product} {ergonomic}
   size_t G1HeapRegionSize                         = 2097152                                   {product} {ergonomic}
    uintx GCDrainStackTargetSize                   = 64                                        {product} {ergonomic}
   size_t InitialHeapSize                          = 264241152                                 {product} {ergonomic}
   size_t MarkStackSize                            = 4194304                                   {product} {ergonomic}
   size_t MaxHeapSize                              = 4223664128                                {product} {ergonomic}
   size_t MaxNewSize                               = 2533359616                                {product} {ergonomic}
   size_t MinHeapDeltaBytes                        = 2097152                                   {product} {ergonomic}
   size_t MinHeapSize                              = 8388608                                   {product} {ergonomic}
    uintx NonNMethodCodeHeapSize                   = 5839372                                {pd product} {ergonomic}
    uintx NonProfiledCodeHeapSize                  = 122909434                              {pd product} {ergonomic}
    uintx ProfiledCodeHeapSize                     = 122909434                              {pd product} {ergonomic}
    uintx ReservedCodeCacheSize                    = 251658240                              {pd product} {ergonomic}
     bool SegmentedCodeCache                       = true                                      {product} {ergonomic}
     bool ShowCodeDetailsInExceptionMessages       = true                                   {manageable} {command line}
   size_t SoftMaxHeapSize                          = 4223664128                             {manageable} {ergonomic}
     bool UseCompressedClassPointers               = true                           {product lp64_product} {ergonomic}
     bool UseCompressedOops                        = true                           {product lp64_product} {ergonomic}
     bool UseG1GC                                  = true                                      {product} {ergonomic}
     bool UseLargePagesIndividualAllocation        = false                                  {pd product} {ergonomic}

Logging:
Log output configuration:
 #0: stdout all=warning uptime,level,tags
 #1: stderr all=off uptime,level,tags

Environment Variables:
JAVA_HOME=C:\Program Files\Java\jdk-17.0.3.1
PATH=C:\Program Files\Common Files\Oracle\Java\javapath;C:\Program Files (x86)\Common Files\Oracle\Java\javapath;C:\Program Files\Eclipse Adoptium\jdk-17.0.3.7-hotspot\bin;C:\Program Files\Microsoft\jdk-11.0.12.7-hotspot\bin;C:\Windows\system32;C:\Windows;C:\Windows\System32\Wbem;C:\Windows\System32\WindowsPowerShell\v1.0\;C:\Windows\System32\OpenSSH\;C:\Program Files\NVIDIA Corporation\NVIDIA NvDLISR;C:\WINDOWS\system32;C:\WINDOWS;C:\WINDOWS\System32\Wbem;C:\WINDOWS\System32\WindowsPowerShell\v1.0\;C:\WINDOWS\System32\OpenSSH\;C:\Program Files (x86)\NVIDIA Corporation\PhysX\Common;C:\Program Files\Microsoft SQL Server\150\Tools\Binn\;C:\Program Files\Microsoft SQL Server\Client SDK\ODBC\170\Tools\Binn\;C:\Program Files\dotnet\;C:\Program Files\Git\cmd;C:\Program Files (x86)\PowerShell\7\;C:\Program Files\Java\jdk-17.0.3.1\bin;C:\Program Files (x86)\Microsoft SQL Server\150\Tools\Binn\;C:\Program Files\Microsoft SQL Server\150\DTS\Binn\;C:\WINDOWS\system32;C:\WINDOWS;C:\WINDOWS\System32\Wbem;C:\WINDOWS\System32\WindowsPowerShell\v1.0\;C:\WINDOWS\System32\OpenSSH\;C:\Program Files\apache-maven-3.8.6\bin;C:\Program Files\MySQL\MySQL Shell 8.0\bin\;C:\Users\kls_k\AppData\Local\Microsoft\WindowsApps;C:\Users\kls_k\.dotnet\tools;C:\Program Files\Java\jdk-17.0.3.1\bin;C:\Program Files\apache-maven-3.8.6\bin;C:\Users\kls_k\AppData\Local\Programs\Microsoft VS Code\bin;C:\Program Files\JetBrains\IntelliJ IDEA 2021.2\bin;
USERNAME=kls_k
OS=Windows_NT
PROCESSOR_IDENTIFIER=Intel64 Family 6 Model 140 Stepping 1, GenuineIntel



---------------  S Y S T E M  ---------------

OS:
 Windows 11 , 64 bit Build 22621 (10.0.22621.1635)
OS uptime: 2 days 21:53 hours

CPU: total 8 (initial active 8) (4 cores per cpu, 2 threads per core) family 6 model 140 stepping 1 microcode 0xa4, cx8, cmov, fxsr, ht, mmx, 3dnowpref, sse, sse2, sse3, ssse3, sse4.1, sse4.2, popcnt, lzcnt, tsc, tscinvbit, avx, avx2, aes, erms, clmul, bmi1, bmi2, adx, avx512f, avx512dq, avx512cd, avx512bw, avx512vl, sha, fma, vzeroupper, avx512_vpopcntdq, avx512_vpclmulqdq, avx512_vaes, avx512_vnni, clflush, clflushopt, clwb, avx512_vbmi2, avx512_vbmi

Memory: 4k page, system-wide physical 16106M (4678M free)
TotalPageFile size 18538M (AvailPageFile size 4410M)
current process WorkingSet (physical memory assigned to process): 248M, peak: 375M
current process commit charge ("private bytes"): 316M, peak: 461M

vm_info: Java HotSpot(TM) 64-Bit Server VM (17.0.3.1+2-LTS-6) for windows-amd64 JRE (17.0.3.1+2-LTS-6), built on Apr 25 2022 22:04:21 by "mach5one" with MS VC++ 16.8 / 16.9 (VS2019)

END.
